{"target": -2.982545372265488, "params": {"emsize": 412.5533007053861, "epochs": 58.81297973768632, "learning_rate": 0.800022874963469, "nhid": 395.349885894776, "seq_length": 20.136456178598955, "train_batch_size": 21.846771895375955}, "datetime": {"datetime": "2022-04-10 18:38:11", "elapsed": 0.0, "delta": 0.0}}
{"target": -2.9890239701342227, "params": {"emsize": 377.9390317066506, "epochs": 43.82242908172191, "learning_rate": 0.879353494846134, "nhid": 430.82251010050356, "seq_length": 29.67180800411532, "train_batch_size": 33.70439000793519}, "datetime": {"datetime": "2022-04-10 18:38:57", "elapsed": 45.81905, "delta": 45.81905}}
{"target": -2.995234076656512, "params": {"emsize": 380.6678374597276, "epochs": 65.12469745563781, "learning_rate": 0.8054775186395853, "nhid": 450.5701265267603, "seq_length": 29.605668082849444, "train_batch_size": 31.173796568915034}, "datetime": {"datetime": "2022-04-10 18:39:30", "elapsed": 79.053873, "delta": 33.234823}}
{"target": -2.992219174086158, "params": {"emsize": 409.1480259316157, "epochs": 56.20191444115957, "learning_rate": 0.808822308485576, "nhid": 399.5365836427912, "seq_length": 22.190707604484494, "train_batch_size": 24.190362740995496}, "datetime": {"datetime": "2022-04-10 18:39:58", "elapsed": 106.884973, "delta": 27.8311}}
{"target": -2.9866533670852435, "params": {"emsize": 439.65661991072096, "epochs": 42.73651309268145, "learning_rate": 0.9326117517447139, "nhid": 417.2584784493376, "seq_length": 21.027182182677162, "train_batch_size": 26.05868713027408}, "datetime": {"datetime": "2022-04-10 18:40:28", "elapsed": 137.419799, "delta": 30.534826}}
